time="2019-10-16T21:41:07-05:00" level=debug msg="OpenShift Installer v4.2.0"
time="2019-10-16T21:41:07-05:00" level=debug msg="Built from commit 90ccb37ac1f85ae811c50a29f9bb7e779c5045fb"
time="2019-10-16T21:41:07-05:00" level=debug msg="Fetching \"Install Config\"..."
time="2019-10-16T21:41:07-05:00" level=debug msg="Loading \"Install Config\"..."
time="2019-10-16T21:41:07-05:00" level=debug msg="  Loading \"SSH Key\"..."
time="2019-10-16T21:41:07-05:00" level=debug msg="  Loading \"Base Domain\"..."
time="2019-10-16T21:41:07-05:00" level=debug msg="    Loading \"Platform\"..."
time="2019-10-16T21:41:07-05:00" level=debug msg="  Loading \"Cluster Name\"..."
time="2019-10-16T21:41:07-05:00" level=debug msg="    Loading \"Base Domain\"..."
time="2019-10-16T21:41:07-05:00" level=debug msg="  Loading \"Pull Secret\"..."
time="2019-10-16T21:41:07-05:00" level=debug msg="  Loading \"Platform\"..."
time="2019-10-16T21:41:07-05:00" level=debug msg="  Fetching \"SSH Key\"..."
time="2019-10-16T21:41:07-05:00" level=debug msg="  Generating \"SSH Key\"..."
time="2019-10-16T21:41:09-05:00" level=debug msg="  Fetching \"Base Domain\"..."
time="2019-10-16T21:41:09-05:00" level=debug msg="    Fetching \"Platform\"..."
time="2019-10-16T21:41:09-05:00" level=debug msg="    Generating \"Platform\"..."
time="2019-10-16T21:41:15-05:00" level=debug msg="  Generating \"Base Domain\"..."
time="2019-10-16T21:41:20-05:00" level=debug msg="  Fetching \"Cluster Name\"..."
time="2019-10-16T21:41:20-05:00" level=debug msg="    Fetching \"Base Domain\"..."
time="2019-10-16T21:41:20-05:00" level=debug msg="    Reusing previously-fetched \"Base Domain\""
time="2019-10-16T21:41:20-05:00" level=debug msg="  Generating \"Cluster Name\"..."
time="2019-10-16T21:41:22-05:00" level=debug msg="  Fetching \"Pull Secret\"..."
time="2019-10-16T21:41:22-05:00" level=debug msg="  Generating \"Pull Secret\"..."
time="2019-10-16T21:41:26-05:00" level=debug msg="  Fetching \"Platform\"..."
time="2019-10-16T21:41:26-05:00" level=debug msg="  Reusing previously-fetched \"Platform\""
time="2019-10-16T21:41:26-05:00" level=debug msg="Generating \"Install Config\"..."
