time="2019-10-16T20:26:46-05:00" level=debug msg="OpenShift Installer v4.2.0"
time="2019-10-16T20:26:46-05:00" level=debug msg="Built from commit 90ccb37ac1f85ae811c50a29f9bb7e779c5045fb"
time="2019-10-16T20:26:46-05:00" level=debug msg="Fetching \"Install Config\"..."
time="2019-10-16T20:26:46-05:00" level=debug msg="Loading \"Install Config\"..."
time="2019-10-16T20:26:46-05:00" level=debug msg="  Loading \"SSH Key\"..."
time="2019-10-16T20:26:46-05:00" level=debug msg="  Loading \"Base Domain\"..."
time="2019-10-16T20:26:46-05:00" level=debug msg="    Loading \"Platform\"..."
time="2019-10-16T20:26:46-05:00" level=debug msg="  Loading \"Cluster Name\"..."
time="2019-10-16T20:26:46-05:00" level=debug msg="    Loading \"Base Domain\"..."
time="2019-10-16T20:26:46-05:00" level=debug msg="  Loading \"Pull Secret\"..."
time="2019-10-16T20:26:46-05:00" level=debug msg="  Loading \"Platform\"..."
time="2019-10-16T20:26:46-05:00" level=debug msg="Using \"Install Config\" loaded from target directory"
time="2019-10-16T20:26:46-05:00" level=debug msg="Reusing previously-fetched \"Install Config\""
time="2019-10-16T20:28:42-05:00" level=debug msg="OpenShift Installer v4.2.0"
time="2019-10-16T20:28:42-05:00" level=debug msg="Built from commit 90ccb37ac1f85ae811c50a29f9bb7e779c5045fb"
time="2019-10-16T20:28:42-05:00" level=debug msg="Fetching \"Install Config\"..."
time="2019-10-16T20:28:42-05:00" level=debug msg="Loading \"Install Config\"..."
time="2019-10-16T20:28:42-05:00" level=debug msg="  Loading \"SSH Key\"..."
time="2019-10-16T20:28:42-05:00" level=debug msg="  Loading \"Base Domain\"..."
time="2019-10-16T20:28:42-05:00" level=debug msg="    Loading \"Platform\"..."
time="2019-10-16T20:28:42-05:00" level=debug msg="  Loading \"Cluster Name\"..."
time="2019-10-16T20:28:42-05:00" level=debug msg="    Loading \"Base Domain\"..."
time="2019-10-16T20:28:42-05:00" level=debug msg="  Loading \"Pull Secret\"..."
time="2019-10-16T20:28:42-05:00" level=debug msg="  Loading \"Platform\"..."
time="2019-10-16T20:28:42-05:00" level=debug msg="Loading \"Install Config\" from both state file and target directory"
time="2019-10-16T20:28:42-05:00" level=debug msg="On-disk \"Install Config\" matches asset in state file"
time="2019-10-16T20:28:42-05:00" level=debug msg="Using \"Install Config\" loaded from state file"
time="2019-10-16T20:28:42-05:00" level=debug msg="Reusing previously-fetched \"Install Config\""
time="2019-10-16T20:29:00-05:00" level=debug msg="OpenShift Installer v4.2.0"
time="2019-10-16T20:29:00-05:00" level=debug msg="Built from commit 90ccb37ac1f85ae811c50a29f9bb7e779c5045fb"
time="2019-10-16T20:29:00-05:00" level=debug msg="Fetching \"Install Config\"..."
time="2019-10-16T20:29:00-05:00" level=debug msg="Loading \"Install Config\"..."
time="2019-10-16T20:29:00-05:00" level=debug msg="  Loading \"SSH Key\"..."
time="2019-10-16T20:29:00-05:00" level=debug msg="  Loading \"Base Domain\"..."
time="2019-10-16T20:29:00-05:00" level=debug msg="    Loading \"Platform\"..."
time="2019-10-16T20:29:00-05:00" level=debug msg="  Loading \"Cluster Name\"..."
time="2019-10-16T20:29:00-05:00" level=debug msg="    Loading \"Base Domain\"..."
time="2019-10-16T20:29:00-05:00" level=debug msg="  Loading \"Pull Secret\"..."
time="2019-10-16T20:29:00-05:00" level=debug msg="  Loading \"Platform\"..."
time="2019-10-16T20:29:00-05:00" level=debug msg="Using \"Install Config\" loaded from state file"
time="2019-10-16T20:29:00-05:00" level=debug msg="Reusing previously-fetched \"Install Config\""
time="2019-10-16T20:34:37-05:00" level=debug msg="OpenShift Installer v4.2.0"
time="2019-10-16T20:34:37-05:00" level=debug msg="Built from commit 90ccb37ac1f85ae811c50a29f9bb7e779c5045fb"
time="2019-10-16T20:34:37-05:00" level=debug msg="Fetching \"Install Config\"..."
time="2019-10-16T20:34:37-05:00" level=debug msg="Loading \"Install Config\"..."
time="2019-10-16T20:34:37-05:00" level=debug msg="  Loading \"SSH Key\"..."
time="2019-10-16T20:34:37-05:00" level=debug msg="  Loading \"Base Domain\"..."
time="2019-10-16T20:34:37-05:00" level=debug msg="    Loading \"Platform\"..."
time="2019-10-16T20:34:37-05:00" level=debug msg="  Loading \"Cluster Name\"..."
time="2019-10-16T20:34:37-05:00" level=debug msg="    Loading \"Base Domain\"..."
time="2019-10-16T20:34:37-05:00" level=debug msg="  Loading \"Pull Secret\"..."
time="2019-10-16T20:34:37-05:00" level=debug msg="  Loading \"Platform\"..."
time="2019-10-16T20:34:37-05:00" level=debug msg="Loading \"Install Config\" from both state file and target directory"
time="2019-10-16T20:34:37-05:00" level=debug msg="On-disk \"Install Config\" matches asset in state file"
time="2019-10-16T20:34:37-05:00" level=debug msg="Using \"Install Config\" loaded from state file"
time="2019-10-16T20:34:37-05:00" level=debug msg="Reusing previously-fetched \"Install Config\""
time="2019-10-16T20:35:47-05:00" level=debug msg="OpenShift Installer v4.1.18-201909201915-dirty"
time="2019-10-16T20:35:47-05:00" level=debug msg="Built from commit 33daf58e035dfd94f9ad23cf8d81e6665ff26c57"
time="2019-10-16T20:35:47-05:00" level=debug msg="Fetching \"Install Config\"..."
time="2019-10-16T20:35:47-05:00" level=debug msg="Loading \"Install Config\"..."
time="2019-10-16T20:35:47-05:00" level=debug msg="  Loading \"SSH Key\"..."
time="2019-10-16T20:35:47-05:00" level=debug msg="  Loading \"Base Domain\"..."
time="2019-10-16T20:35:47-05:00" level=debug msg="    Loading \"Platform\"..."
time="2019-10-16T20:35:47-05:00" level=debug msg="  Loading \"Cluster Name\"..."
time="2019-10-16T20:35:47-05:00" level=debug msg="    Loading \"Base Domain\"..."
time="2019-10-16T20:35:47-05:00" level=debug msg="  Loading \"Pull Secret\"..."
time="2019-10-16T20:35:47-05:00" level=debug msg="  Loading \"Platform\"..."
time="2019-10-16T20:35:47-05:00" level=debug msg="Loading \"Install Config\" from both state file and target directory"
time="2019-10-16T20:35:47-05:00" level=debug msg="On-disk \"Install Config\" matches asset in state file"
time="2019-10-16T20:35:47-05:00" level=debug msg="Using \"Install Config\" loaded from state file"
time="2019-10-16T20:35:47-05:00" level=debug msg="Reusing previously-fetched \"Install Config\""
time="2019-10-24T22:33:11-05:00" level=debug msg="OpenShift Installer v4.2.0"
time="2019-10-24T22:33:11-05:00" level=debug msg="Built from commit 90ccb37ac1f85ae811c50a29f9bb7e779c5045fb"
time="2019-10-24T22:33:11-05:00" level=debug msg="Fetching \"Kubeconfig Admin Client\"..."
time="2019-10-24T22:33:11-05:00" level=debug msg="Loading \"Kubeconfig Admin Client\"..."
time="2019-10-24T22:33:11-05:00" level=debug msg="  Loading \"Certificate (admin-kubeconfig-client)\"..."
time="2019-10-24T22:33:11-05:00" level=debug msg="    Loading \"Certificate (admin-kubeconfig-signer)\"..."
time="2019-10-24T22:33:11-05:00" level=debug msg="  Loading \"Certificate (kube-apiserver-complete-server-ca-bundle)\"..."
time="2019-10-24T22:33:11-05:00" level=debug msg="    Loading \"Certificate (kube-apiserver-localhost-ca-bundle)\"..."
time="2019-10-24T22:33:11-05:00" level=debug msg="      Loading \"Certificate (kube-apiserver-localhost-signer)\"..."
time="2019-10-24T22:33:11-05:00" level=debug msg="    Loading \"Certificate (kube-apiserver-service-network-ca-bundle)\"..."
time="2019-10-24T22:33:11-05:00" level=debug msg="      Loading \"Certificate (kube-apiserver-service-network-signer)\"..."
time="2019-10-24T22:33:11-05:00" level=debug msg="    Loading \"Certificate (kube-apiserver-lb-ca-bundle)\"..."
time="2019-10-24T22:33:11-05:00" level=debug msg="      Loading \"Certificate (kube-apiserver-lb-signer)\"..."
time="2019-10-24T22:33:11-05:00" level=debug msg="  Loading \"Install Config\"..."
time="2019-10-24T22:33:11-05:00" level=debug msg="    Loading \"SSH Key\"..."
time="2019-10-24T22:33:11-05:00" level=debug msg="    Loading \"Base Domain\"..."
time="2019-10-24T22:33:11-05:00" level=debug msg="      Loading \"Platform\"..."
time="2019-10-24T22:33:11-05:00" level=debug msg="    Loading \"Cluster Name\"..."
time="2019-10-24T22:33:11-05:00" level=debug msg="      Loading \"Base Domain\"..."
time="2019-10-24T22:33:11-05:00" level=debug msg="    Loading \"Pull Secret\"..."
time="2019-10-24T22:33:11-05:00" level=debug msg="    Loading \"Platform\"..."
time="2019-10-24T22:33:11-05:00" level=debug msg="  Loading \"Install Config\" from both state file and target directory"
time="2019-10-24T22:33:11-05:00" level=debug msg="  Using \"Install Config\" loaded from target directory"
time="2019-10-24T22:33:11-05:00" level=debug msg="  Fetching \"Certificate (admin-kubeconfig-client)\"..."
time="2019-10-24T22:33:11-05:00" level=debug msg="    Fetching \"Certificate (admin-kubeconfig-signer)\"..."
time="2019-10-24T22:33:11-05:00" level=debug msg="    Generating \"Certificate (admin-kubeconfig-signer)\"..."
time="2019-10-24T22:33:12-05:00" level=debug msg="  Generating \"Certificate (admin-kubeconfig-client)\"..."
time="2019-10-24T22:33:12-05:00" level=debug msg="  Fetching \"Certificate (kube-apiserver-complete-server-ca-bundle)\"..."
time="2019-10-24T22:33:12-05:00" level=debug msg="    Fetching \"Certificate (kube-apiserver-localhost-ca-bundle)\"..."
time="2019-10-24T22:33:12-05:00" level=debug msg="      Fetching \"Certificate (kube-apiserver-localhost-signer)\"..."
time="2019-10-24T22:33:12-05:00" level=debug msg="      Generating \"Certificate (kube-apiserver-localhost-signer)\"..."
time="2019-10-24T22:33:12-05:00" level=debug msg="    Generating \"Certificate (kube-apiserver-localhost-ca-bundle)\"..."
time="2019-10-24T22:33:12-05:00" level=debug msg="    Fetching \"Certificate (kube-apiserver-service-network-ca-bundle)\"..."
time="2019-10-24T22:33:12-05:00" level=debug msg="      Fetching \"Certificate (kube-apiserver-service-network-signer)\"..."
time="2019-10-24T22:33:12-05:00" level=debug msg="      Generating \"Certificate (kube-apiserver-service-network-signer)\"..."
time="2019-10-24T22:33:12-05:00" level=debug msg="    Generating \"Certificate (kube-apiserver-service-network-ca-bundle)\"..."
time="2019-10-24T22:33:12-05:00" level=debug msg="    Fetching \"Certificate (kube-apiserver-lb-ca-bundle)\"..."
time="2019-10-24T22:33:12-05:00" level=debug msg="      Fetching \"Certificate (kube-apiserver-lb-signer)\"..."
time="2019-10-24T22:33:12-05:00" level=debug msg="      Generating \"Certificate (kube-apiserver-lb-signer)\"..."
time="2019-10-24T22:33:12-05:00" level=debug msg="    Generating \"Certificate (kube-apiserver-lb-ca-bundle)\"..."
time="2019-10-24T22:33:12-05:00" level=debug msg="  Generating \"Certificate (kube-apiserver-complete-server-ca-bundle)\"..."
time="2019-10-24T22:33:12-05:00" level=debug msg="  Fetching \"Install Config\"..."
time="2019-10-24T22:33:12-05:00" level=debug msg="  Reusing previously-fetched \"Install Config\""
time="2019-10-24T22:33:12-05:00" level=debug msg="Generating \"Kubeconfig Admin Client\"..."
time="2019-10-24T22:33:12-05:00" level=info msg="Consuming \"Install Config\" from target directory"
time="2019-10-24T22:33:12-05:00" level=debug msg="Purging asset \"Install Config\" from disk"
time="2019-10-24T22:33:12-05:00" level=debug msg="Fetching \"Kubeadmin Password\"..."
time="2019-10-24T22:33:12-05:00" level=debug msg="Loading \"Kubeadmin Password\"..."
time="2019-10-24T22:33:12-05:00" level=debug msg="Generating \"Kubeadmin Password\"..."
time="2019-10-24T22:33:12-05:00" level=debug msg="Fetching \"Master Ignition Config\"..."
time="2019-10-24T22:33:12-05:00" level=debug msg="Loading \"Master Ignition Config\"..."
time="2019-10-24T22:33:12-05:00" level=debug msg="  Loading \"Install Config\"..."
time="2019-10-24T22:33:12-05:00" level=debug msg="  Loading \"Root CA\"..."
time="2019-10-24T22:33:12-05:00" level=debug msg="  Fetching \"Install Config\"..."
time="2019-10-24T22:33:12-05:00" level=debug msg="  Reusing previously-fetched \"Install Config\""
time="2019-10-24T22:33:12-05:00" level=debug msg="  Fetching \"Root CA\"..."
time="2019-10-24T22:33:12-05:00" level=debug msg="  Generating \"Root CA\"..."
time="2019-10-24T22:33:12-05:00" level=debug msg="Generating \"Master Ignition Config\"..."
time="2019-10-24T22:33:12-05:00" level=debug msg="Fetching \"Worker Ignition Config\"..."
time="2019-10-24T22:33:12-05:00" level=debug msg="Loading \"Worker Ignition Config\"..."
time="2019-10-24T22:33:12-05:00" level=debug msg="  Loading \"Install Config\"..."
time="2019-10-24T22:33:12-05:00" level=debug msg="  Loading \"Root CA\"..."
time="2019-10-24T22:33:12-05:00" level=debug msg="  Fetching \"Install Config\"..."
time="2019-10-24T22:33:12-05:00" level=debug msg="  Reusing previously-fetched \"Install Config\""
time="2019-10-24T22:33:12-05:00" level=debug msg="  Fetching \"Root CA\"..."
time="2019-10-24T22:33:12-05:00" level=debug msg="  Reusing previously-fetched \"Root CA\""
time="2019-10-24T22:33:12-05:00" level=debug msg="Generating \"Worker Ignition Config\"..."
time="2019-10-24T22:33:12-05:00" level=debug msg="Fetching \"Bootstrap Ignition Config\"..."
time="2019-10-24T22:33:12-05:00" level=debug msg="Loading \"Bootstrap Ignition Config\"..."
time="2019-10-24T22:33:12-05:00" level=debug msg="  Loading \"Install Config\"..."
time="2019-10-24T22:33:12-05:00" level=debug msg="  Loading \"Kubeconfig Admin Client\"..."
time="2019-10-24T22:33:12-05:00" level=debug msg="  Loading \"Kubeconfig Kubelet\"..."
time="2019-10-24T22:33:12-05:00" level=debug msg="    Loading \"Certificate (kube-apiserver-complete-server-ca-bundle)\"..."
time="2019-10-24T22:33:12-05:00" level=debug msg="    Loading \"Certificate (kubelet-client)\"..."
time="2019-10-24T22:33:12-05:00" level=debug msg="      Loading \"Certificate (kubelet-bootstrap-kubeconfig-signer)\"..."
time="2019-10-24T22:33:12-05:00" level=debug msg="    Loading \"Install Config\"..."
time="2019-10-24T22:33:12-05:00" level=debug msg="  Loading \"Kubeconfig Admin Client (Loopback)\"..."
time="2019-10-24T22:33:12-05:00" level=debug msg="    Loading \"Certificate (admin-kubeconfig-client)\"..."
time="2019-10-24T22:33:12-05:00" level=debug msg="    Loading \"Certificate (kube-apiserver-localhost-ca-bundle)\"..."
time="2019-10-24T22:33:12-05:00" level=debug msg="    Loading \"Install Config\"..."
time="2019-10-24T22:33:12-05:00" level=debug msg="  Loading \"Master Machines\"..."
time="2019-10-24T22:33:12-05:00" level=debug msg="    Loading \"Cluster ID\"..."
time="2019-10-24T22:33:12-05:00" level=debug msg="      Loading \"Install Config\"..."
time="2019-10-24T22:33:12-05:00" level=debug msg="    Loading \"Platform Credentials Check\"..."
time="2019-10-24T22:33:12-05:00" level=debug msg="      Loading \"Install Config\"..."
time="2019-10-24T22:33:12-05:00" level=debug msg="    Loading \"Install Config\"..."
time="2019-10-24T22:33:12-05:00" level=debug msg="    Loading \"Image\"..."
time="2019-10-24T22:33:12-05:00" level=debug msg="      Loading \"Install Config\"..."
time="2019-10-24T22:33:12-05:00" level=debug msg="    Loading \"Master Ignition Config\"..."
time="2019-10-24T22:33:12-05:00" level=debug msg="  Loading \"Worker Machines\"..."
time="2019-10-24T22:33:12-05:00" level=debug msg="    Loading \"Cluster ID\"..."
time="2019-10-24T22:33:12-05:00" level=debug msg="    Loading \"Platform Credentials Check\"..."
time="2019-10-24T22:33:12-05:00" level=debug msg="    Loading \"Install Config\"..."
time="2019-10-24T22:33:12-05:00" level=debug msg="    Loading \"Image\"..."
time="2019-10-24T22:33:12-05:00" level=debug msg="    Loading \"Worker Ignition Config\"..."
time="2019-10-24T22:33:12-05:00" level=debug msg="  Loading \"Common Manifests\"..."
time="2019-10-24T22:33:12-05:00" level=debug msg="    Loading \"Cluster ID\"..."
time="2019-10-24T22:33:12-05:00" level=debug msg="    Loading \"Install Config\"..."
time="2019-10-24T22:33:12-05:00" level=debug msg="    Loading \"Ingress Config\"..."
time="2019-10-24T22:33:12-05:00" level=debug msg="      Loading \"Install Config\"..."
time="2019-10-24T22:33:12-05:00" level=debug msg="    Loading \"DNS Config\"..."
time="2019-10-24T22:33:12-05:00" level=debug msg="      Loading \"Install Config\"..."
time="2019-10-24T22:33:12-05:00" level=debug msg="      Loading \"Cluster ID\"..."
time="2019-10-24T22:33:12-05:00" level=debug msg="      Loading \"Platform Credentials Check\"..."
time="2019-10-24T22:33:12-05:00" level=debug msg="    Loading \"Infrastructure Config\"..."
time="2019-10-24T22:33:12-05:00" level=debug msg="      Loading \"Cluster ID\"..."
time="2019-10-24T22:33:12-05:00" level=debug msg="      Loading \"Install Config\"..."
time="2019-10-24T22:33:12-05:00" level=debug msg="      Loading \"Cloud Provider Config\"..."
time="2019-10-24T22:33:12-05:00" level=debug msg="        Loading \"Install Config\"..."
time="2019-10-24T22:33:12-05:00" level=debug msg="        Loading \"Cluster ID\"..."
time="2019-10-24T22:33:12-05:00" level=debug msg="        Loading \"Platform Credentials Check\"..."
time="2019-10-24T22:33:12-05:00" level=debug msg="      Loading \"Additional Trust Bundle Config\"..."
time="2019-10-24T22:33:12-05:00" level=debug msg="        Loading \"Install Config\"..."
time="2019-10-24T22:33:12-05:00" level=debug msg="    Loading \"Network Config\"..."
time="2019-10-24T22:33:12-05:00" level=debug msg="      Loading \"Install Config\"..."
time="2019-10-24T22:33:12-05:00" level=debug msg="      Loading \"Network CRDs\"..."
time="2019-10-24T22:33:12-05:00" level=debug msg="    Loading \"Proxy Config\"..."
time="2019-10-24T22:33:12-05:00" level=debug msg="      Loading \"Install Config\"..."
time="2019-10-24T22:33:12-05:00" level=debug msg="      Loading \"Network Config\"..."
time="2019-10-24T22:33:12-05:00" level=debug msg="    Loading \"Scheduler Config\"..."
time="2019-10-24T22:33:12-05:00" level=debug msg="      Loading \"Install Config\"..."
time="2019-10-24T22:33:12-05:00" level=debug msg="    Loading \"Image Content Source Policy\"..."
time="2019-10-24T22:33:12-05:00" level=debug msg="      Loading \"Install Config\"..."
time="2019-10-24T22:33:12-05:00" level=debug msg="    Loading \"Root CA\"..."
time="2019-10-24T22:33:12-05:00" level=debug msg="    Loading \"Certificate (etcd-signer)\"..."
time="2019-10-24T22:33:12-05:00" level=debug msg="    Loading \"Certificate (etcd-ca-bundle)\"..."
time="2019-10-24T22:33:12-05:00" level=debug msg="      Loading \"Certificate (etcd-signer)\"..."
time="2019-10-24T22:33:12-05:00" level=debug msg="    Loading \"Certificate (etcd-client)\"..."
time="2019-10-24T22:33:12-05:00" level=debug msg="      Loading \"Certificate (etcd-signer)\"..."
time="2019-10-24T22:33:12-05:00" level=debug msg="    Loading \"Certificate (etcd-metric-ca-bundle)\"..."
time="2019-10-24T22:33:12-05:00" level=debug msg="      Loading \"Certificate (etcd-metric-signer)\"..."
time="2019-10-24T22:33:12-05:00" level=debug msg="    Loading \"Certificate (etcd-metric-signer)\"..."
time="2019-10-24T22:33:12-05:00" level=debug msg="    Loading \"Certificate (etcd-metric-signer-client)\"..."
time="2019-10-24T22:33:12-05:00" level=debug msg="      Loading \"Certificate (etcd-metric-signer)\"..."
time="2019-10-24T22:33:12-05:00" level=debug msg="    Loading \"Certificate (mcs)\"..."
time="2019-10-24T22:33:12-05:00" level=debug msg="      Loading \"Root CA\"..."
time="2019-10-24T22:33:12-05:00" level=debug msg="      Loading \"Install Config\"..."
time="2019-10-24T22:33:12-05:00" level=debug msg="    Loading \"CVOOverrides\"..."
time="2019-10-24T22:33:12-05:00" level=debug msg="    Loading \"EtcdCAConfigMap\"..."
time="2019-10-24T22:33:12-05:00" level=debug msg="    Loading \"EtcdClientSecret\"..."
time="2019-10-24T22:33:12-05:00" level=debug msg="    Loading \"EtcdHostServiceEndpoints\"..."
time="2019-10-24T22:33:12-05:00" level=debug msg="    Loading \"EtcdHostService\"..."
time="2019-10-24T22:33:12-05:00" level=debug msg="    Loading \"EtcdMetricClientSecret\"..."
time="2019-10-24T22:33:12-05:00" level=debug msg="    Loading \"EtcdMetricServingCAConfigMap\"..."
time="2019-10-24T22:33:12-05:00" level=debug msg="    Loading \"EtcdMetricSignerSecret\"..."
time="2019-10-24T22:33:12-05:00" level=debug msg="    Loading \"EtcdNamespace\"..."
time="2019-10-24T22:33:12-05:00" level=debug msg="    Loading \"EtcdService\"..."
time="2019-10-24T22:33:12-05:00" level=debug msg="    Loading \"EtcdSignerSecret\"..."
time="2019-10-24T22:33:12-05:00" level=debug msg="    Loading \"KubeCloudConfig\"..."
time="2019-10-24T22:33:12-05:00" level=debug msg="    Loading \"EtcdServingCAConfigMap\"..."
time="2019-10-24T22:33:12-05:00" level=debug msg="    Loading \"KubeSystemConfigmapRootCA\"..."
time="2019-10-24T22:33:12-05:00" level=debug msg="    Loading \"MachineConfigServerTLSSecret\"..."
time="2019-10-24T22:33:12-05:00" level=debug msg="    Loading \"OpenshiftConfigSecretPullSecret\"..."
time="2019-10-24T22:33:12-05:00" level=debug msg="    Loading \"OpenshiftMachineConfigOperator\"..."
time="2019-10-24T22:33:12-05:00" level=debug msg="  Loading \"Openshift Manifests\"..."
time="2019-10-24T22:33:12-05:00" level=debug msg="    Loading \"Install Config\"..."
time="2019-10-24T22:33:12-05:00" level=debug msg="    Loading \"Cluster ID\"..."
time="2019-10-24T22:33:12-05:00" level=debug msg="    Loading \"Kubeadmin Password\"..."
time="2019-10-24T22:33:12-05:00" level=debug msg="    Loading \"CloudCredsSecret\"..."
time="2019-10-24T22:33:12-05:00" level=debug msg="    Loading \"KubeadminPasswordSecret\"..."
time="2019-10-24T22:33:12-05:00" level=debug msg="    Loading \"RoleCloudCredsSecretReader\"..."
time="2019-10-24T22:33:12-05:00" level=debug msg="    Loading \"RolebindingCloudCredsSecretReader\"..."
time="2019-10-24T22:33:12-05:00" level=debug msg="  Loading \"Proxy Config\"..."
time="2019-10-24T22:33:12-05:00" level=debug msg="  Loading \"Certificate (admin-kubeconfig-ca-bundle)\"..."
time="2019-10-24T22:33:12-05:00" level=debug msg="    Loading \"Certificate (admin-kubeconfig-signer)\"..."
time="2019-10-24T22:33:12-05:00" level=debug msg="  Loading \"Certificate (aggregator)\"..."
time="2019-10-24T22:33:12-05:00" level=debug msg="  Loading \"Certificate (aggregator-ca-bundle)\"..."
time="2019-10-24T22:33:12-05:00" level=debug msg="    Loading \"Certificate (aggregator-signer)\"..."
time="2019-10-24T22:33:12-05:00" level=debug msg="  Loading \"Certificate (system:kube-apiserver-proxy)\"..."
time="2019-10-24T22:33:12-05:00" level=debug msg="    Loading \"Certificate (aggregator-signer)\"..."
time="2019-10-24T22:33:12-05:00" level=debug msg="  Loading \"Certificate (aggregator-signer)\"..."
time="2019-10-24T22:33:12-05:00" level=debug msg="  Loading \"Certificate (system:kube-apiserver-proxy)\"..."
time="2019-10-24T22:33:12-05:00" level=debug msg="    Loading \"Certificate (aggregator)\"..."
time="2019-10-24T22:33:12-05:00" level=debug msg="  Loading \"Certificate (etcd-ca-bundle)\"..."
time="2019-10-24T22:33:12-05:00" level=debug msg="  Loading \"Certificate (etcd-metric-ca-bundle)\"..."
time="2019-10-24T22:33:12-05:00" level=debug msg="  Loading \"Certificate (etcd-metric-signer)\"..."
time="2019-10-24T22:33:12-05:00" level=debug msg="  Loading \"Certificate (etcd-metric-signer-client)\"..."
time="2019-10-24T22:33:12-05:00" level=debug msg="  Loading \"Certificate (etcd-signer)\"..."
time="2019-10-24T22:33:12-05:00" level=debug msg="  Loading \"Certificate (etcd-client)\"..."
time="2019-10-24T22:33:12-05:00" level=debug msg="  Loading \"Certificate (journal-gatewayd)\"..."
time="2019-10-24T22:33:12-05:00" level=debug msg="    Loading \"Root CA\"..."
time="2019-10-24T22:33:12-05:00" level=debug msg="  Loading \"Certificate (kube-apiserver-lb-ca-bundle)\"..."
time="2019-10-24T22:33:12-05:00" level=debug msg="  Loading \"Certificate (kube-apiserver-external-lb-server)\"..."
time="2019-10-24T22:33:12-05:00" level=debug msg="    Loading \"Certificate (kube-apiserver-lb-signer)\"..."
time="2019-10-24T22:33:12-05:00" level=debug msg="    Loading \"Install Config\"..."
time="2019-10-24T22:33:12-05:00" level=debug msg="  Loading \"Certificate (kube-apiserver-internal-lb-server)\"..."
time="2019-10-24T22:33:12-05:00" level=debug msg="    Loading \"Certificate (kube-apiserver-lb-signer)\"..."
time="2019-10-24T22:33:12-05:00" level=debug msg="    Loading \"Install Config\"..."
time="2019-10-24T22:33:12-05:00" level=debug msg="  Loading \"Certificate (kube-apiserver-lb-signer)\"..."
time="2019-10-24T22:33:12-05:00" level=debug msg="  Loading \"Certificate (kube-apiserver-localhost-ca-bundle)\"..."
time="2019-10-24T22:33:12-05:00" level=debug msg="  Loading \"Certificate (kube-apiserver-localhost-server)\"..."
time="2019-10-24T22:33:12-05:00" level=debug msg="    Loading \"Certificate (kube-apiserver-localhost-signer)\"..."
time="2019-10-24T22:33:12-05:00" level=debug msg="  Loading \"Certificate (kube-apiserver-localhost-signer)\"..."
time="2019-10-24T22:33:12-05:00" level=debug msg="  Loading \"Certificate (kube-apiserver-service-network-ca-bundle)\"..."
time="2019-10-24T22:33:12-05:00" level=debug msg="  Loading \"Certificate (kube-apiserver-service-network-server)\"..."
time="2019-10-24T22:33:12-05:00" level=debug msg="    Loading \"Certificate (kube-apiserver-service-network-signer)\"..."
time="2019-10-24T22:33:12-05:00" level=debug msg="    Loading \"Install Config\"..."
time="2019-10-24T22:33:12-05:00" level=debug msg="  Loading \"Certificate (kube-apiserver-service-network-signer)\"..."
time="2019-10-24T22:33:12-05:00" level=debug msg="  Loading \"Certificate (kube-apiserver-complete-server-ca-bundle)\"..."
time="2019-10-24T22:33:12-05:00" level=debug msg="  Loading \"Certificate (kube-apiserver-complete-client-ca-bundle)\"..."
time="2019-10-24T22:33:12-05:00" level=debug msg="    Loading \"Certificate (admin-kubeconfig-ca-bundle)\"..."
time="2019-10-24T22:33:12-05:00" level=debug msg="    Loading \"Certificate (kubelet-client-ca-bundle)\"..."
time="2019-10-24T22:33:12-05:00" level=debug msg="      Loading \"Certificate (kubelet-signer)\"..."
time="2019-10-24T22:33:12-05:00" level=debug msg="    Loading \"Certificate (kube-control-plane-ca-bundle)\"..."
time="2019-10-24T22:33:12-05:00" level=debug msg="      Loading \"Certificate (kube-control-plane-signer)\"..."
time="2019-10-24T22:33:12-05:00" level=debug msg="      Loading \"Certificate (kube-apiserver-lb-signer)\"..."
time="2019-10-24T22:33:12-05:00" level=debug msg="      Loading \"Certificate (kube-apiserver-localhost-signer)\"..."
time="2019-10-24T22:33:12-05:00" level=debug msg="      Loading \"Certificate (kube-apiserver-service-network-signer)\"..."
time="2019-10-24T22:33:12-05:00" level=debug msg="    Loading \"Certificate (kube-apiserver-to-kubelet-ca-bundle)\"..."
time="2019-10-24T22:33:12-05:00" level=debug msg="      Loading \"Certificate (kube-apiserver-to-kubelet-signer)\"..."
time="2019-10-24T22:33:12-05:00" level=debug msg="    Loading \"Certificate (kubelet-bootstrap-kubeconfig-ca-bundle)\"..."
time="2019-10-24T22:33:12-05:00" level=debug msg="      Loading \"Certificate (kubelet-bootstrap-kubeconfig-signer)\"..."
time="2019-10-24T22:33:12-05:00" level=debug msg="  Loading \"Certificate (kube-apiserver-to-kubelet-ca-bundle)\"..."
time="2019-10-24T22:33:12-05:00" level=debug msg="  Loading \"Certificate (kube-apiserver-to-kubelet-client)\"..."
time="2019-10-24T22:33:12-05:00" level=debug msg="    Loading \"Certificate (kube-apiserver-to-kubelet-signer)\"..."
time="2019-10-24T22:33:12-05:00" level=debug msg="  Loading \"Certificate (kube-apiserver-to-kubelet-signer)\"..."
time="2019-10-24T22:33:12-05:00" level=debug msg="  Loading \"Certificate (kube-control-plane-ca-bundle)\"..."
time="2019-10-24T22:33:12-05:00" level=debug msg="  Loading \"Certificate (kube-control-plane-kube-controller-manager-client)\"..."
time="2019-10-24T22:33:12-05:00" level=debug msg="    Loading \"Certificate (kube-control-plane-signer)\"..."
time="2019-10-24T22:33:12-05:00" level=debug msg="  Loading \"Certificate (kube-control-plane-kube-scheduler-client)\"..."
time="2019-10-24T22:33:12-05:00" level=debug msg="    Loading \"Certificate (kube-control-plane-signer)\"..."
time="2019-10-24T22:33:12-05:00" level=debug msg="  Loading \"Certificate (kube-control-plane-signer)\"..."
time="2019-10-24T22:33:12-05:00" level=debug msg="  Loading \"Certificate (kubelet-bootstrap-kubeconfig-ca-bundle)\"..."
time="2019-10-24T22:33:12-05:00" level=debug msg="  Loading \"Certificate (kubelet-client-ca-bundle)\"..."
time="2019-10-24T22:33:12-05:00" level=debug msg="  Loading \"Certificate (kubelet-client)\"..."
time="2019-10-24T22:33:12-05:00" level=debug msg="  Loading \"Certificate (kubelet-signer)\"..."
time="2019-10-24T22:33:12-05:00" level=debug msg="  Loading \"Certificate (kubelet-serving-ca-bundle)\"..."
time="2019-10-24T22:33:12-05:00" level=debug msg="    Loading \"Certificate (kubelet-signer)\"..."
time="2019-10-24T22:33:12-05:00" level=debug msg="  Loading \"Certificate (mcs)\"..."
time="2019-10-24T22:33:12-05:00" level=debug msg="  Loading \"Root CA\"..."
time="2019-10-24T22:33:12-05:00" level=debug msg="  Loading \"Key Pair (service-account.pub)\"..."
time="2019-10-24T22:33:12-05:00" level=debug msg="  Loading \"Release Image Pull Spec\"..."
time="2019-10-24T22:33:12-05:00" level=debug msg="  Loading \"Image\"..."
time="2019-10-24T22:33:12-05:00" level=debug msg="  Fetching \"Install Config\"..."
time="2019-10-24T22:33:12-05:00" level=debug msg="  Reusing previously-fetched \"Install Config\""
time="2019-10-24T22:33:12-05:00" level=debug msg="  Fetching \"Kubeconfig Admin Client\"..."
time="2019-10-24T22:33:12-05:00" level=debug msg="  Reusing previously-fetched \"Kubeconfig Admin Client\""
time="2019-10-24T22:33:12-05:00" level=debug msg="  Fetching \"Kubeconfig Kubelet\"..."
time="2019-10-24T22:33:12-05:00" level=debug msg="    Fetching \"Certificate (kube-apiserver-complete-server-ca-bundle)\"..."
time="2019-10-24T22:33:12-05:00" level=debug msg="    Reusing previously-fetched \"Certificate (kube-apiserver-complete-server-ca-bundle)\""
time="2019-10-24T22:33:12-05:00" level=debug msg="    Fetching \"Certificate (kubelet-client)\"..."
time="2019-10-24T22:33:12-05:00" level=debug msg="      Fetching \"Certificate (kubelet-bootstrap-kubeconfig-signer)\"..."
time="2019-10-24T22:33:12-05:00" level=debug msg="      Generating \"Certificate (kubelet-bootstrap-kubeconfig-signer)\"..."
time="2019-10-24T22:33:12-05:00" level=debug msg="    Generating \"Certificate (kubelet-client)\"..."
time="2019-10-24T22:33:13-05:00" level=debug msg="    Fetching \"Install Config\"..."
time="2019-10-24T22:33:13-05:00" level=debug msg="    Reusing previously-fetched \"Install Config\""
time="2019-10-24T22:33:13-05:00" level=debug msg="  Generating \"Kubeconfig Kubelet\"..."
time="2019-10-24T22:33:13-05:00" level=debug msg="  Fetching \"Kubeconfig Admin Client (Loopback)\"..."
time="2019-10-24T22:33:13-05:00" level=debug msg="    Fetching \"Certificate (admin-kubeconfig-client)\"..."
time="2019-10-24T22:33:13-05:00" level=debug msg="    Reusing previously-fetched \"Certificate (admin-kubeconfig-client)\""
time="2019-10-24T22:33:13-05:00" level=debug msg="    Fetching \"Certificate (kube-apiserver-localhost-ca-bundle)\"..."
time="2019-10-24T22:33:13-05:00" level=debug msg="    Reusing previously-fetched \"Certificate (kube-apiserver-localhost-ca-bundle)\""
time="2019-10-24T22:33:13-05:00" level=debug msg="    Fetching \"Install Config\"..."
time="2019-10-24T22:33:13-05:00" level=debug msg="    Reusing previously-fetched \"Install Config\""
time="2019-10-24T22:33:13-05:00" level=debug msg="  Generating \"Kubeconfig Admin Client (Loopback)\"..."
time="2019-10-24T22:33:13-05:00" level=debug msg="  Fetching \"Master Machines\"..."
time="2019-10-24T22:33:13-05:00" level=debug msg="    Fetching \"Cluster ID\"..."
time="2019-10-24T22:33:13-05:00" level=debug msg="      Fetching \"Install Config\"..."
time="2019-10-24T22:33:13-05:00" level=debug msg="      Reusing previously-fetched \"Install Config\""
time="2019-10-24T22:33:13-05:00" level=debug msg="    Generating \"Cluster ID\"..."
time="2019-10-24T22:33:13-05:00" level=debug msg="    Fetching \"Platform Credentials Check\"..."
time="2019-10-24T22:33:13-05:00" level=debug msg="      Fetching \"Install Config\"..."
time="2019-10-24T22:33:13-05:00" level=debug msg="      Reusing previously-fetched \"Install Config\""
time="2019-10-24T22:33:13-05:00" level=debug msg="    Generating \"Platform Credentials Check\"..."
time="2019-10-24T22:33:13-05:00" level=debug msg="    Fetching \"Install Config\"..."
time="2019-10-24T22:33:13-05:00" level=debug msg="    Reusing previously-fetched \"Install Config\""
time="2019-10-24T22:33:13-05:00" level=debug msg="    Fetching \"Image\"..."
time="2019-10-24T22:33:13-05:00" level=debug msg="      Fetching \"Install Config\"..."
time="2019-10-24T22:33:13-05:00" level=debug msg="      Reusing previously-fetched \"Install Config\""
time="2019-10-24T22:33:13-05:00" level=debug msg="    Generating \"Image\"..."
time="2019-10-24T22:33:13-05:00" level=debug msg="    Fetching \"Master Ignition Config\"..."
time="2019-10-24T22:33:13-05:00" level=debug msg="    Reusing previously-fetched \"Master Ignition Config\""
time="2019-10-24T22:33:13-05:00" level=debug msg="  Generating \"Master Machines\"..."
